2023-09-19 23:53:18,077 [SEND] S6F12 System Bytes=488
<A [1] [ACKC6] '0' >
.

2023-09-19 23:53:28,687 [RECV] S6F11 W System Bytes=489
<L [3]
    <A [1] '0' >
    <A [3] '114' >
    <L [1]
        <L [2]
            <A [3] '101' >
            <L [5]
                <A [1] 'R' >
                <A [1] 'R' >
                <A [2] 'PM' >
                <A [0] '' >
                <A [0] '' >
            >
        >
    >
>
.

2023-09-19 23:53:28,689 [SEND] S6F12 System Bytes=489
<A [1] [ACKC6] '0' >
.

2023-09-19 23:53:41,526 [RECV] S6F11 W System Bytes=490
<L [3]
    <A [1] '0' >
    <A [3] '114' >
    <L [1]
        <L [2]
            <A [3] '101' >
            <L [5]
                <A [1] 'R' >
                <A [1] 'I' >
                <A [2] 'PM' >
                <A [0] '' >
                <A [0] '' >
            >
        >
    >
>
.

2023-09-19 23:53:41,569 [SEND] S6F12 System Bytes=490
<A [1] [ACKC6] '0' >
.

2023-09-19 23:54:29,312 [RECV] S6F11 W System Bytes=491
<L [3]
    <A [1] '0' >
    <A [3] '114' >
    <L [1]
        <L [2]
            <A [3] '101' >
            <L [5]
                <A [1] 'R' >
                <A [1] 'R' >
                <A [2] 'PM' >
                <A [0] '' >
                <A [0] '' >
            >
        >
    >
>
.

2023-09-19 23:54:29,320 [SEND] S6F12 System Bytes=491
<A [1] [ACKC6] '0' >
.

2023-09-19 23:56:20,125 [RECV] S6F11 W System Bytes=492
<L [3]
    <A [1] '0' >
    <A [3] '114' >
    <L [1]
        <L [2]
            <A [3] '101' >
            <L [5]
                <A [1] 'R' >
                <A [1] 'D' >
                <A [2] 'PM' >
                <A [0] '' >
                <A [0] '' >
            >
        >
    >
>
.

2023-09-19 23:56:20,175 [SEND] S6F12 System Bytes=492
<A [1] [ACKC6] '0' >
.

2023-09-19 23:56:21,446 [RECV] S6F11 W System Bytes=493
<L [3]
    <A [1] '0' >
    <A [3] '114' >
    <L [1]
        <L [2]
            <A [3] '101' >
            <L [5]
                <A [1] 'R' >
                <A [1] 'I' >
                <A [2] 'PM' >
                <A [0] '' >
                <A [0] '' >
            >
        >
    >
>
.

2023-09-19 23:56:21,498 [SEND] S6F12 System Bytes=493
<A [1] [ACKC6] '0' >
.

2023-09-19 23:57:29,145 [RECV] S6F11 W System Bytes=494
<L [3]
    <A [1] '0' >
    <A [3] '114' >
    <L [1]
        <L [2]
            <A [3] '101' >
            <L [5]
                <A [1] 'R' >
                <A [1] 'D' >
                <A [2] 'PM' >
                <A [0] '' >
                <A [0] '' >
            >
        >
    >
>
.

2023-09-19 23:57:29,185 [SEND] S6F12 System Bytes=494
<A [1] [ACKC6] '0' >
.

2023-09-19 23:57:29,959 [RECV] S6F11 W System Bytes=495
<L [3]
    <A [1] '0' >
    <A [3] '114' >
    <L [1]
        <L [2]
            <A [3] '101' >
            <L [5]
                <A [1] 'R' >
                <A [1] 'I' >
                <A [2] 'PM' >
                <A [0] '' >
                <A [0] '' >
            >
        >
    >
>
.

2023-09-19 23:57:29,997 [SEND] S6F12 System Bytes=495
<A [1] [ACKC6] '0' >
.

